[23-Jul-2024 05:22:49 UTC] PHP Parse error:  syntax error, unexpected '|', expecting variable (T_VARIABLE) in /home/soyjakai/public_html/vendor/nunomaduro/termwind/src/Functions.php on line 17
[23-Jul-2024 05:22:52 UTC] PHP Parse error:  syntax error, unexpected '|', expecting variable (T_VARIABLE) in /home/soyjakai/public_html/vendor/nunomaduro/termwind/src/Functions.php on line 17
[23-Jul-2024 05:54:12 UTC] PHP Parse error:  syntax error, unexpected '|', expecting variable (T_VARIABLE) in /home/soyjakai/public_html/vendor/nunomaduro/termwind/src/Functions.php on line 17
[23-Jul-2024 06:04:41 UTC] PHP Parse error:  syntax error, unexpected '|', expecting variable (T_VARIABLE) in /home/soyjakai/public_html/vendor/nunomaduro/termwind/src/Functions.php on line 17
[23-Jul-2024 06:24:09 UTC] PHP Parse error:  syntax error, unexpected '|', expecting variable (T_VARIABLE) in /home/soyjakai/public_html/vendor/nunomaduro/termwind/src/Functions.php on line 17
[23-Jul-2024 06:24:14 UTC] PHP Parse error:  syntax error, unexpected '|', expecting variable (T_VARIABLE) in /home/soyjakai/public_html/vendor/nunomaduro/termwind/src/Functions.php on line 17
[23-Jul-2024 06:24:43 UTC] PHP Parse error:  syntax error, unexpected '|', expecting variable (T_VARIABLE) in /home/soyjakai/public_html/vendor/nunomaduro/termwind/src/Functions.php on line 17
[23-Jul-2024 06:24:43 UTC] PHP Parse error:  syntax error, unexpected '|', expecting variable (T_VARIABLE) in /home/soyjakai/public_html/vendor/nunomaduro/termwind/src/Functions.php on line 17
[23-Jul-2024 06:24:43 UTC] PHP Parse error:  syntax error, unexpected '|', expecting variable (T_VARIABLE) in /home/soyjakai/public_html/vendor/nunomaduro/termwind/src/Functions.php on line 17
[23-Jul-2024 06:24:43 UTC] PHP Parse error:  syntax error, unexpected '|', expecting variable (T_VARIABLE) in /home/soyjakai/public_html/vendor/nunomaduro/termwind/src/Functions.php on line 17
[23-Jul-2024 06:24:43 UTC] PHP Parse error:  syntax error, unexpected '|', expecting variable (T_VARIABLE) in /home/soyjakai/public_html/vendor/nunomaduro/termwind/src/Functions.php on line 17
[23-Jul-2024 06:24:43 UTC] PHP Parse error:  syntax error, unexpected '|', expecting variable (T_VARIABLE) in /home/soyjakai/public_html/vendor/nunomaduro/termwind/src/Functions.php on line 17
[23-Jul-2024 06:24:43 UTC] PHP Parse error:  syntax error, unexpected '|', expecting variable (T_VARIABLE) in /home/soyjakai/public_html/vendor/nunomaduro/termwind/src/Functions.php on line 17
[23-Jul-2024 06:24:43 UTC] PHP Parse error:  syntax error, unexpected '|', expecting variable (T_VARIABLE) in /home/soyjakai/public_html/vendor/nunomaduro/termwind/src/Functions.php on line 17
[23-Jul-2024 06:24:43 UTC] PHP Parse error:  syntax error, unexpected '|', expecting variable (T_VARIABLE) in /home/soyjakai/public_html/vendor/nunomaduro/termwind/src/Functions.php on line 17
[23-Jul-2024 06:24:43 UTC] PHP Parse error:  syntax error, unexpected '|', expecting variable (T_VARIABLE) in /home/soyjakai/public_html/vendor/nunomaduro/termwind/src/Functions.php on line 17
[23-Jul-2024 06:24:43 UTC] PHP Parse error:  syntax error, unexpected '|', expecting variable (T_VARIABLE) in /home/soyjakai/public_html/vendor/nunomaduro/termwind/src/Functions.php on line 17
[23-Jul-2024 06:24:43 UTC] PHP Parse error:  syntax error, unexpected '|', expecting variable (T_VARIABLE) in /home/soyjakai/public_html/vendor/nunomaduro/termwind/src/Functions.php on line 17
[23-Jul-2024 06:24:43 UTC] PHP Parse error:  syntax error, unexpected '|', expecting variable (T_VARIABLE) in /home/soyjakai/public_html/vendor/nunomaduro/termwind/src/Functions.php on line 17
[23-Jul-2024 06:24:43 UTC] PHP Parse error:  syntax error, unexpected '|', expecting variable (T_VARIABLE) in /home/soyjakai/public_html/vendor/nunomaduro/termwind/src/Functions.php on line 17
[23-Jul-2024 06:24:43 UTC] PHP Parse error:  syntax error, unexpected '|', expecting variable (T_VARIABLE) in /home/soyjakai/public_html/vendor/nunomaduro/termwind/src/Functions.php on line 17
[23-Jul-2024 06:24:43 UTC] PHP Parse error:  syntax error, unexpected '|', expecting variable (T_VARIABLE) in /home/soyjakai/public_html/vendor/nunomaduro/termwind/src/Functions.php on line 17
[23-Jul-2024 06:24:43 UTC] PHP Parse error:  syntax error, unexpected '|', expecting variable (T_VARIABLE) in /home/soyjakai/public_html/vendor/nunomaduro/termwind/src/Functions.php on line 17
[23-Jul-2024 06:24:43 UTC] PHP Parse error:  syntax error, unexpected '|', expecting variable (T_VARIABLE) in /home/soyjakai/public_html/vendor/nunomaduro/termwind/src/Functions.php on line 17
[23-Jul-2024 06:24:43 UTC] PHP Parse error:  syntax error, unexpected '|', expecting variable (T_VARIABLE) in /home/soyjakai/public_html/vendor/nunomaduro/termwind/src/Functions.php on line 17
[23-Jul-2024 06:24:43 UTC] PHP Parse error:  syntax error, unexpected '|', expecting variable (T_VARIABLE) in /home/soyjakai/public_html/vendor/nunomaduro/termwind/src/Functions.php on line 17
[23-Jul-2024 06:24:43 UTC] PHP Parse error:  syntax error, unexpected '|', expecting variable (T_VARIABLE) in /home/soyjakai/public_html/vendor/nunomaduro/termwind/src/Functions.php on line 17
[23-Jul-2024 06:24:43 UTC] PHP Parse error:  syntax error, unexpected '|', expecting variable (T_VARIABLE) in /home/soyjakai/public_html/vendor/nunomaduro/termwind/src/Functions.php on line 17
[23-Jul-2024 06:24:43 UTC] PHP Parse error:  syntax error, unexpected '|', expecting variable (T_VARIABLE) in /home/soyjakai/public_html/vendor/nunomaduro/termwind/src/Functions.php on line 17
[23-Jul-2024 06:24:44 UTC] PHP Parse error:  syntax error, unexpected '|', expecting variable (T_VARIABLE) in /home/soyjakai/public_html/vendor/nunomaduro/termwind/src/Functions.php on line 17
[23-Jul-2024 06:24:44 UTC] PHP Parse error:  syntax error, unexpected '|', expecting variable (T_VARIABLE) in /home/soyjakai/public_html/vendor/nunomaduro/termwind/src/Functions.php on line 17
[23-Jul-2024 06:24:44 UTC] PHP Parse error:  syntax error, unexpected '|', expecting variable (T_VARIABLE) in /home/soyjakai/public_html/vendor/nunomaduro/termwind/src/Functions.php on line 17
[23-Jul-2024 06:24:44 UTC] PHP Parse error:  syntax error, unexpected '|', expecting variable (T_VARIABLE) in /home/soyjakai/public_html/vendor/nunomaduro/termwind/src/Functions.php on line 17
[23-Jul-2024 06:24:44 UTC] PHP Parse error:  syntax error, unexpected '|', expecting variable (T_VARIABLE) in /home/soyjakai/public_html/vendor/nunomaduro/termwind/src/Functions.php on line 17
[23-Jul-2024 06:24:44 UTC] PHP Parse error:  syntax error, unexpected '|', expecting variable (T_VARIABLE) in /home/soyjakai/public_html/vendor/nunomaduro/termwind/src/Functions.php on line 17
[23-Jul-2024 06:24:44 UTC] PHP Parse error:  syntax error, unexpected '|', expecting variable (T_VARIABLE) in /home/soyjakai/public_html/vendor/nunomaduro/termwind/src/Functions.php on line 17
[23-Jul-2024 06:24:44 UTC] PHP Parse error:  syntax error, unexpected '|', expecting variable (T_VARIABLE) in /home/soyjakai/public_html/vendor/nunomaduro/termwind/src/Functions.php on line 17
[23-Jul-2024 06:24:44 UTC] PHP Parse error:  syntax error, unexpected '|', expecting variable (T_VARIABLE) in /home/soyjakai/public_html/vendor/nunomaduro/termwind/src/Functions.php on line 17
[23-Jul-2024 06:24:44 UTC] PHP Parse error:  syntax error, unexpected '|', expecting variable (T_VARIABLE) in /home/soyjakai/public_html/vendor/nunomaduro/termwind/src/Functions.php on line 17
[23-Jul-2024 06:24:44 UTC] PHP Parse error:  syntax error, unexpected '|', expecting variable (T_VARIABLE) in /home/soyjakai/public_html/vendor/nunomaduro/termwind/src/Functions.php on line 17
[23-Jul-2024 06:24:44 UTC] PHP Parse error:  syntax error, unexpected '|', expecting variable (T_VARIABLE) in /home/soyjakai/public_html/vendor/nunomaduro/termwind/src/Functions.php on line 17
[23-Jul-2024 06:24:44 UTC] PHP Parse error:  syntax error, unexpected '|', expecting variable (T_VARIABLE) in /home/soyjakai/public_html/vendor/nunomaduro/termwind/src/Functions.php on line 17
[23-Jul-2024 06:24:44 UTC] PHP Parse error:  syntax error, unexpected '|', expecting variable (T_VARIABLE) in /home/soyjakai/public_html/vendor/nunomaduro/termwind/src/Functions.php on line 17
[23-Jul-2024 06:24:44 UTC] PHP Parse error:  syntax error, unexpected '|', expecting variable (T_VARIABLE) in /home/soyjakai/public_html/vendor/nunomaduro/termwind/src/Functions.php on line 17
[23-Jul-2024 06:24:44 UTC] PHP Parse error:  syntax error, unexpected '|', expecting variable (T_VARIABLE) in /home/soyjakai/public_html/vendor/nunomaduro/termwind/src/Functions.php on line 17
[23-Jul-2024 06:24:44 UTC] PHP Parse error:  syntax error, unexpected '|', expecting variable (T_VARIABLE) in /home/soyjakai/public_html/vendor/nunomaduro/termwind/src/Functions.php on line 17
[23-Jul-2024 06:24:44 UTC] PHP Parse error:  syntax error, unexpected '|', expecting variable (T_VARIABLE) in /home/soyjakai/public_html/vendor/nunomaduro/termwind/src/Functions.php on line 17
[23-Jul-2024 06:24:44 UTC] PHP Parse error:  syntax error, unexpected '|', expecting variable (T_VARIABLE) in /home/soyjakai/public_html/vendor/nunomaduro/termwind/src/Functions.php on line 17
[23-Jul-2024 06:24:45 UTC] PHP Parse error:  syntax error, unexpected '|', expecting variable (T_VARIABLE) in /home/soyjakai/public_html/vendor/nunomaduro/termwind/src/Functions.php on line 17
[23-Jul-2024 06:24:45 UTC] PHP Parse error:  syntax error, unexpected '|', expecting variable (T_VARIABLE) in /home/soyjakai/public_html/vendor/nunomaduro/termwind/src/Functions.php on line 17
[23-Jul-2024 06:24:45 UTC] PHP Parse error:  syntax error, unexpected '|', expecting variable (T_VARIABLE) in /home/soyjakai/public_html/vendor/nunomaduro/termwind/src/Functions.php on line 17
[23-Jul-2024 06:24:45 UTC] PHP Parse error:  syntax error, unexpected '|', expecting variable (T_VARIABLE) in /home/soyjakai/public_html/vendor/nunomaduro/termwind/src/Functions.php on line 17
[23-Jul-2024 06:24:45 UTC] PHP Parse error:  syntax error, unexpected '|', expecting variable (T_VARIABLE) in /home/soyjakai/public_html/vendor/nunomaduro/termwind/src/Functions.php on line 17
[23-Jul-2024 06:24:45 UTC] PHP Parse error:  syntax error, unexpected '|', expecting variable (T_VARIABLE) in /home/soyjakai/public_html/vendor/nunomaduro/termwind/src/Functions.php on line 17
[23-Jul-2024 06:24:45 UTC] PHP Parse error:  syntax error, unexpected '|', expecting variable (T_VARIABLE) in /home/soyjakai/public_html/vendor/nunomaduro/termwind/src/Functions.php on line 17
[23-Jul-2024 06:24:45 UTC] PHP Parse error:  syntax error, unexpected '|', expecting variable (T_VARIABLE) in /home/soyjakai/public_html/vendor/nunomaduro/termwind/src/Functions.php on line 17
[23-Jul-2024 06:24:45 UTC] PHP Parse error:  syntax error, unexpected '|', expecting variable (T_VARIABLE) in /home/soyjakai/public_html/vendor/nunomaduro/termwind/src/Functions.php on line 17
[23-Jul-2024 06:24:45 UTC] PHP Parse error:  syntax error, unexpected '|', expecting variable (T_VARIABLE) in /home/soyjakai/public_html/vendor/nunomaduro/termwind/src/Functions.php on line 17
[23-Jul-2024 06:24:45 UTC] PHP Parse error:  syntax error, unexpected '|', expecting variable (T_VARIABLE) in /home/soyjakai/public_html/vendor/nunomaduro/termwind/src/Functions.php on line 17
[23-Jul-2024 06:24:45 UTC] PHP Parse error:  syntax error, unexpected '|', expecting variable (T_VARIABLE) in /home/soyjakai/public_html/vendor/nunomaduro/termwind/src/Functions.php on line 17
[23-Jul-2024 06:24:45 UTC] PHP Parse error:  syntax error, unexpected '|', expecting variable (T_VARIABLE) in /home/soyjakai/public_html/vendor/nunomaduro/termwind/src/Functions.php on line 17
[23-Jul-2024 06:24:45 UTC] PHP Parse error:  syntax error, unexpected '|', expecting variable (T_VARIABLE) in /home/soyjakai/public_html/vendor/nunomaduro/termwind/src/Functions.php on line 17
[23-Jul-2024 06:24:46 UTC] PHP Parse error:  syntax error, unexpected '|', expecting variable (T_VARIABLE) in /home/soyjakai/public_html/vendor/nunomaduro/termwind/src/Functions.php on line 17
[23-Jul-2024 06:24:46 UTC] PHP Parse error:  syntax error, unexpected '|', expecting variable (T_VARIABLE) in /home/soyjakai/public_html/vendor/nunomaduro/termwind/src/Functions.php on line 17
[23-Jul-2024 06:24:46 UTC] PHP Parse error:  syntax error, unexpected '|', expecting variable (T_VARIABLE) in /home/soyjakai/public_html/vendor/nunomaduro/termwind/src/Functions.php on line 17
[23-Jul-2024 06:24:46 UTC] PHP Parse error:  syntax error, unexpected '|', expecting variable (T_VARIABLE) in /home/soyjakai/public_html/vendor/nunomaduro/termwind/src/Functions.php on line 17
[23-Jul-2024 06:24:46 UTC] PHP Parse error:  syntax error, unexpected '|', expecting variable (T_VARIABLE) in /home/soyjakai/public_html/vendor/nunomaduro/termwind/src/Functions.php on line 17
[23-Jul-2024 06:24:47 UTC] PHP Parse error:  syntax error, unexpected '|', expecting variable (T_VARIABLE) in /home/soyjakai/public_html/vendor/nunomaduro/termwind/src/Functions.php on line 17
[23-Jul-2024 06:24:47 UTC] PHP Parse error:  syntax error, unexpected '|', expecting variable (T_VARIABLE) in /home/soyjakai/public_html/vendor/nunomaduro/termwind/src/Functions.php on line 17
[23-Jul-2024 06:24:47 UTC] PHP Parse error:  syntax error, unexpected '|', expecting variable (T_VARIABLE) in /home/soyjakai/public_html/vendor/nunomaduro/termwind/src/Functions.php on line 17
[23-Jul-2024 06:24:47 UTC] PHP Parse error:  syntax error, unexpected '|', expecting variable (T_VARIABLE) in /home/soyjakai/public_html/vendor/nunomaduro/termwind/src/Functions.php on line 17
[23-Jul-2024 06:24:47 UTC] PHP Parse error:  syntax error, unexpected '|', expecting variable (T_VARIABLE) in /home/soyjakai/public_html/vendor/nunomaduro/termwind/src/Functions.php on line 17
[23-Jul-2024 06:24:47 UTC] PHP Parse error:  syntax error, unexpected '|', expecting variable (T_VARIABLE) in /home/soyjakai/public_html/vendor/nunomaduro/termwind/src/Functions.php on line 17
[23-Jul-2024 06:24:48 UTC] PHP Parse error:  syntax error, unexpected '|', expecting variable (T_VARIABLE) in /home/soyjakai/public_html/vendor/nunomaduro/termwind/src/Functions.php on line 17
[23-Jul-2024 06:24:56 UTC] PHP Parse error:  syntax error, unexpected '|', expecting variable (T_VARIABLE) in /home/soyjakai/public_html/vendor/nunomaduro/termwind/src/Functions.php on line 17
[23-Jul-2024 06:24:58 UTC] PHP Parse error:  syntax error, unexpected '|', expecting variable (T_VARIABLE) in /home/soyjakai/public_html/vendor/nunomaduro/termwind/src/Functions.php on line 17
[23-Jul-2024 06:25:00 UTC] PHP Parse error:  syntax error, unexpected '|', expecting variable (T_VARIABLE) in /home/soyjakai/public_html/vendor/nunomaduro/termwind/src/Functions.php on line 17
[23-Jul-2024 06:27:13 UTC] PHP Parse error:  syntax error, unexpected '|', expecting variable (T_VARIABLE) in /home/soyjakai/public_html/vendor/nunomaduro/termwind/src/Functions.php on line 17
[23-Jul-2024 06:27:13 UTC] PHP Parse error:  syntax error, unexpected '|', expecting variable (T_VARIABLE) in /home/soyjakai/public_html/vendor/nunomaduro/termwind/src/Functions.php on line 17
[23-Jul-2024 06:27:20 UTC] PHP Parse error:  syntax error, unexpected '|', expecting variable (T_VARIABLE) in /home/soyjakai/public_html/vendor/nunomaduro/termwind/src/Functions.php on line 17
[23-Jul-2024 06:27:25 UTC] PHP Parse error:  syntax error, unexpected '|', expecting variable (T_VARIABLE) in /home/soyjakai/public_html/vendor/nunomaduro/termwind/src/Functions.php on line 17
[23-Jul-2024 06:27:28 UTC] PHP Parse error:  syntax error, unexpected '|', expecting variable (T_VARIABLE) in /home/soyjakai/public_html/vendor/nunomaduro/termwind/src/Functions.php on line 17
[23-Jul-2024 06:27:33 UTC] PHP Parse error:  syntax error, unexpected '|', expecting variable (T_VARIABLE) in /home/soyjakai/public_html/vendor/nunomaduro/termwind/src/Functions.php on line 17
[23-Jul-2024 06:27:38 UTC] PHP Parse error:  syntax error, unexpected '|', expecting variable (T_VARIABLE) in /home/soyjakai/public_html/vendor/nunomaduro/termwind/src/Functions.php on line 17
[23-Jul-2024 06:27:40 UTC] PHP Parse error:  syntax error, unexpected '|', expecting variable (T_VARIABLE) in /home/soyjakai/public_html/vendor/nunomaduro/termwind/src/Functions.php on line 17
[23-Jul-2024 06:27:45 UTC] PHP Parse error:  syntax error, unexpected '|', expecting variable (T_VARIABLE) in /home/soyjakai/public_html/vendor/nunomaduro/termwind/src/Functions.php on line 17
[23-Jul-2024 06:27:48 UTC] PHP Parse error:  syntax error, unexpected '|', expecting variable (T_VARIABLE) in /home/soyjakai/public_html/vendor/nunomaduro/termwind/src/Functions.php on line 17
[23-Jul-2024 06:28:49 UTC] PHP Parse error:  syntax error, unexpected '|', expecting variable (T_VARIABLE) in /home/soyjakai/public_html/vendor/nunomaduro/termwind/src/Functions.php on line 17
[23-Jul-2024 06:29:06 UTC] PHP Parse error:  syntax error, unexpected '|', expecting variable (T_VARIABLE) in /home/soyjakai/public_html/vendor/nunomaduro/termwind/src/Functions.php on line 17
[23-Jul-2024 06:36:54 UTC] PHP Parse error:  syntax error, unexpected '|', expecting variable (T_VARIABLE) in /home/soyjakai/public_html/vendor/nunomaduro/termwind/src/Functions.php on line 17
[23-Jul-2024 07:20:04 UTC] 0xc257Fee1B1e44f361Bc2c356459BD7A4B59e4Ab2
[23-Jul-2024 07:20:05 UTC] Account Exists
[23-Jul-2024 07:20:05 UTC] RuntimeException: Session store not set on request. in /home/soyjakai/public_html/vendor/laravel/framework/src/Illuminate/Http/Request.php:560
Stack trace:
#0 /home/soyjakai/public_html/app/Http/Controllers/Auth/AuthenticationController.php(295): Illuminate\Http\Request->session()
#1 /home/soyjakai/public_html/vendor/laravel/framework/src/Illuminate/Routing/Controller.php(54): App\Http\Controllers\Auth\AuthenticationController->registerStoreWC()
#2 /home/soyjakai/public_html/vendor/laravel/framework/src/Illuminate/Routing/ControllerDispatcher.php(43): Illuminate\Routing\Controller->callAction()
#3 /home/soyjakai/public_html/vendor/laravel/framework/src/Illuminate/Routing/Route.php(259): Illuminate\Routing\ControllerDispatcher->dispatch()
#4 /home/soyjakai/public_html/vendor/laravel/framework/src/Illuminate/Routing/Route.php(205): Illuminate\Routing\Route->runController()
#5 /home/soyjakai/public_html/vendor/laravel/framework/src/Illuminate/Routing/Router.php(806): Illuminate\Routing\Route->run()
#6 /home/soyjakai/public_html/vendor/laravel/framework/src/Illuminate/Pipeline/Pipeline.php(144): Illuminate\Routing\Router->Illuminate\Routing\{closure}()
#7 /home/soyjakai/public_html/app/Http/Middleware/RedirectIfAuthenticated.php(28): Illuminate\Pipeline\Pipeline->Illuminate\Pipeline\{closure}()
#8 /home/soyjakai/public_html/vendor/laravel/framework/src/Illuminate/Pipeline/Pipeline.php(183): App\Http\Middleware\RedirectIfAuthenticated->handle()
#9 /home/soyjakai/public_html/vendor/mcamara/laravel-localization/src/Mcamara/LaravelLocalization/Middleware/LaravelLocalizationViewPath.php(22): Illuminate\Pipeline\Pipeline->Illuminate\Pipeline\{closure}()
#10 /home/soyjakai/public_html/vendor/laravel/framework/src/Illuminate/Pipeline/Pipeline.php(183): Mcamara\LaravelLocalization\Middleware\LaravelLocalizationViewPath->handle()
#11 /home/soyjakai/public_html/vendor/mcamara/laravel-localization/src/Mcamara/LaravelLocalization/Middleware/LaravelLocalizationRedirectFilter.php(22): Illuminate\Pipeline\Pipeline->Illuminate\Pipeline\{closure}()
#12 /home/soyjakai/public_html/vendor/laravel/framework/src/Illuminate/Pipeline/Pipeline.php(183): Mcamara\LaravelLocalization\Middleware\LaravelLocalizationRedirectFilter->handle()
#13 /home/soyjakai/public_html/vendor/mcamara/laravel-localization/src/Mcamara/LaravelLocalization/Middleware/LocaleSessionRedirect.php(23): Illuminate\Pipeline\Pipeline->Illuminate\Pipeline\{closure}()
#14 /home/soyjakai/public_html/vendor/laravel/framework/src/Illuminate/Pipeline/Pipeline.php(183): Mcamara\LaravelLocalization\Middleware\LocaleSessionRedirect->handle()
#15 /home/soyjakai/public_html/vendor/laravel/framework/src/Illuminate/Routing/Middleware/SubstituteBindings.php(50): Illuminate\Pipeline\Pipeline->Illuminate\Pipeline\{closure}()
#16 /home/soyjakai/public_html/vendor/laravel/framework/src/Illuminate/Pipeline/Pipeline.php(183): Illuminate\Routing\Middleware\SubstituteBindings->handle()
#17 /home/soyjakai/public_html/vendor/laravel/framework/src/Illuminate/Foundation/Http/Middleware/VerifyCsrfToken.php(78): Illuminate\Pipeline\Pipeline->Illuminate\Pipeline\{closure}()
#18 /home/soyjakai/public_html/vendor/laravel/framework/src/Illuminate/Pipeline/Pipeline.php(183): Illuminate\Foundation\Http\Middleware\VerifyCsrfToken->handle()
#19 /home/soyjakai/public_html/vendor/laravel/framework/src/Illuminate/View/Middleware/ShareErrorsFromSession.php(49): Illuminate\Pipeline\Pipeline->Illuminate\Pipeline\{closure}()
#20 /home/soyjakai/public_html/vendor/laravel/framework/src/Illuminate/Pipeline/Pipeline.php(183): Illuminate\View\Middleware\ShareErrorsFromSession->handle()
#21 /home/soyjakai/public_html/vendor/laravel/framework/src/Illuminate/Session/Middleware/StartSession.php(121): Illuminate\Pipeline\Pipeline->Illuminate\Pipeline\{closure}()
#22 /home/soyjakai/public_html/vendor/laravel/framework/src/Illuminate/Session/Middleware/StartSession.php(64): Illuminate\Session\Middleware\StartSession->handleStatefulRequest()
#23 /home/soyjakai/public_html/vendor/laravel/framework/src/Illuminate/Pipeline/Pipeline.php(183): Illuminate\Session\Middleware\StartSession->handle()
#24 /home/soyjakai/public_html/vendor/laravel/framework/src/Illuminate/Cookie/Middleware/AddQueuedCookiesToResponse.php(37): Illuminate\Pipeline\Pipeline->Illuminate\Pipeline\{closure}()
#25 /home/soyjakai/public_html/vendor/laravel/framework/src/Illuminate/Pipeline/Pipeline.php(183): Illuminate\Cookie\Middleware\AddQueuedCookiesToResponse->handle()
#26 /home/soyjakai/public_html/vendor/laravel/framework/src/Illuminate/Cookie/Middleware/EncryptCookies.php(67): Illuminate\Pipeline\Pipeline->Illuminate\Pipeline\{closure}()
#27 /home/soyjakai/public_html/vendor/laravel/framework/src/Illuminate/Pipeline/Pipeline.php(183): Illuminate\Cookie\Middleware\EncryptCookies->handle()
#28 /home/soyjakai/public_html/vendor/laravel/framework/src/Illuminate/Pipeline/Pipeline.php(119): Illuminate\Pipeline\Pipeline->Illuminate\Pipeline\{closure}()
#29 /home/soyjakai/public_html/vendor/laravel/framework/src/Illuminate/Routing/Router.php(805): Illuminate\Pipeline\Pipeline->then()
#30 /home/soyjakai/public_html/vendor/laravel/framework/src/Illuminate/Routing/Router.php(784): Illuminate\Routing\Router->runRouteWithinStack()
#31 /home/soyjakai/public_html/vendor/laravel/framework/src/Illuminate/Routing/Router.php(748): Illuminate\Routing\Router->runRoute()
#32 /home/soyjakai/public_html/vendor/laravel/framework/src/Illuminate/Routing/Router.php(737): Illuminate\Routing\Router->dispatchToRoute()
#33 /home/soyjakai/public_html/vendor/laravel/framework/src/Illuminate/Foundation/Http/Kernel.php(200): Illuminate\Routing\Router->dispatch()
#34 /home/soyjakai/public_html/vendor/laravel/framework/src/Illuminate/Pipeline/Pipeline.php(144): Illuminate\Foundation\Http\Kernel->Illuminate\Foundation\Http\{closure}()
#35 /home/soyjakai/public_html/vendor/barryvdh/laravel-debugbar/src/Middleware/InjectDebugbar.php(59): Illuminate\Pipeline\Pipeline->Illuminate\Pipeline\{closure}()
#36 /home/soyjakai/public_html/vendor/laravel/framework/src/Illuminate/Pipeline/Pipeline.php(183): Barryvdh\Debugbar\Middleware\InjectDebugbar->handle()
#37 /home/soyjakai/public_html/vendor/laravel/framework/src/Illuminate/Foundation/Http/Middleware/TransformsRequest.php(21): Illuminate\Pipeline\Pipeline->Illuminate\Pipeline\{closure}()
#38 /home/soyjakai/public_html/vendor/laravel/framework/src/Illuminate/Foundation/Http/Middleware/ConvertEmptyStringsToNull.php(31): Illuminate\Foundation\Http\Middleware\TransformsRequest->handle()
#39 /home/soyjakai/public_html/vendor/laravel/framework/src/Illuminate/Pipeline/Pipeline.php(183): Illuminate\Foundation\Http\Middleware\ConvertEmptyStringsToNull->handle()
#40 /home/soyjakai/public_html/vendor/laravel/framework/src/Illuminate/Foundation/Http/Middleware/TransformsRequest.php(21): Illuminate\Pipeline\Pipeline->Illuminate\Pipeline\{closure}()
#41 /home/soyjakai/public_html/vendor/laravel/framework/src/Illuminate/Foundation/Http/Middleware/TrimStrings.php(40): Illuminate\Foundation\Http\Middleware\TransformsRequest->handle()
#42 /home/soyjakai/public_html/vendor/laravel/framework/src/Illuminate/Pipeline/Pipeline.php(183): Illuminate\Foundation\Http\Middleware\TrimStrings->handle()
#43 /home/soyjakai/public_html/vendor/laravel/framework/src/Illuminate/Foundation/Http/Middleware/ValidatePostSize.php(27): Illuminate\Pipeline\Pipeline->Illuminate\Pipeline\{closure}()
#44 /home/soyjakai/public_html/vendor/laravel/framework/src/Illuminate/Pipeline/Pipeline.php(183): Illuminate\Foundation\Http\Middleware\ValidatePostSize->handle()
#45 /home/soyjakai/public_html/vendor/laravel/framework/src/Illuminate/Foundation/Http/Middleware/PreventRequestsDuringMaintenance.php(99): Illuminate\Pipeline\Pipeline->Illuminate\Pipeline\{closure}()
#46 /home/soyjakai/public_html/vendor/laravel/framework/src/Illuminate/Pipeline/Pipeline.php(183): Illuminate\Foundation\Http\Middleware\PreventRequestsDuringMaintenance->handle()
#47 /home/soyjakai/public_html/vendor/laravel/framework/src/Illuminate/Http/Middleware/HandleCors.php(49): Illuminate\Pipeline\Pipeline->Illuminate\Pipeline\{closure}()
#48 /home/soyjakai/public_html/vendor/laravel/framework/src/Illuminate/Pipeline/Pipeline.php(183): Illuminate\Http\Middleware\HandleCors->handle()
#49 /home/soyjakai/public_html/vendor/laravel/framework/src/Illuminate/Http/Middleware/TrustProxies.php(39): Illuminate\Pipeline\Pipeline->Illuminate\Pipeline\{closure}()
#50 /home/soyjakai/public_html/vendor/laravel/framework/src/Illuminate/Pipeline/Pipeline.php(183): Illuminate\Http\Middleware\TrustProxies->handle()
#51 /home/soyjakai/public_html/vendor/laravel/framework/src/Illuminate/Pipeline/Pipeline.php(119): Illuminate\Pipeline\Pipeline->Illuminate\Pipeline\{closure}()
#52 /home/soyjakai/public_html/vendor/laravel/framework/src/Illuminate/Foundation/Http/Kernel.php(175): Illuminate\Pipeline\Pipeline->then()
#53 /home/soyjakai/public_html/vendor/laravel/framework/src/Illuminate/Foundation/Http/Kernel.php(144): Illuminate\Foundation\Http\Kernel->sendRequestThroughRouter()
#54 /home/soyjakai/public_html/public/index.php(52): Illuminate\Foundation\Http\Kernel->handle()
#55 {main}
[24-Jul-2024 05:20:17 UTC] 0xc257Fee1B1e44f361Bc2c356459BD7A4B59e4Ab2
[24-Jul-2024 05:20:17 UTC] Account Exists
[24-Jul-2024 05:20:17 UTC] RuntimeException: Session store not set on request. in /home/soyjakai/public_html/vendor/laravel/framework/src/Illuminate/Http/Request.php:560
Stack trace:
#0 /home/soyjakai/public_html/app/Http/Controllers/Auth/AuthenticationController.php(295): Illuminate\Http\Request->session()
#1 /home/soyjakai/public_html/vendor/laravel/framework/src/Illuminate/Routing/Controller.php(54): App\Http\Controllers\Auth\AuthenticationController->registerStoreWC()
#2 /home/soyjakai/public_html/vendor/laravel/framework/src/Illuminate/Routing/ControllerDispatcher.php(43): Illuminate\Routing\Controller->callAction()
#3 /home/soyjakai/public_html/vendor/laravel/framework/src/Illuminate/Routing/Route.php(259): Illuminate\Routing\ControllerDispatcher->dispatch()
#4 /home/soyjakai/public_html/vendor/laravel/framework/src/Illuminate/Routing/Route.php(205): Illuminate\Routing\Route->runController()
#5 /home/soyjakai/public_html/vendor/laravel/framework/src/Illuminate/Routing/Router.php(806): Illuminate\Routing\Route->run()
#6 /home/soyjakai/public_html/vendor/laravel/framework/src/Illuminate/Pipeline/Pipeline.php(144): Illuminate\Routing\Router->Illuminate\Routing\{closure}()
#7 /home/soyjakai/public_html/app/Http/Middleware/RedirectIfAuthenticated.php(28): Illuminate\Pipeline\Pipeline->Illuminate\Pipeline\{closure}()
#8 /home/soyjakai/public_html/vendor/laravel/framework/src/Illuminate/Pipeline/Pipeline.php(183): App\Http\Middleware\RedirectIfAuthenticated->handle()
#9 /home/soyjakai/public_html/vendor/mcamara/laravel-localization/src/Mcamara/LaravelLocalization/Middleware/LaravelLocalizationViewPath.php(22): Illuminate\Pipeline\Pipeline->Illuminate\Pipeline\{closure}()
#10 /home/soyjakai/public_html/vendor/laravel/framework/src/Illuminate/Pipeline/Pipeline.php(183): Mcamara\LaravelLocalization\Middleware\LaravelLocalizationViewPath->handle()
#11 /home/soyjakai/public_html/vendor/mcamara/laravel-localization/src/Mcamara/LaravelLocalization/Middleware/LaravelLocalizationRedirectFilter.php(22): Illuminate\Pipeline\Pipeline->Illuminate\Pipeline\{closure}()
#12 /home/soyjakai/public_html/vendor/laravel/framework/src/Illuminate/Pipeline/Pipeline.php(183): Mcamara\LaravelLocalization\Middleware\LaravelLocalizationRedirectFilter->handle()
#13 /home/soyjakai/public_html/vendor/mcamara/laravel-localization/src/Mcamara/LaravelLocalization/Middleware/LocaleSessionRedirect.php(23): Illuminate\Pipeline\Pipeline->Illuminate\Pipeline\{closure}()
#14 /home/soyjakai/public_html/vendor/laravel/framework/src/Illuminate/Pipeline/Pipeline.php(183): Mcamara\LaravelLocalization\Middleware\LocaleSessionRedirect->handle()
#15 /home/soyjakai/public_html/vendor/laravel/framework/src/Illuminate/Routing/Middleware/SubstituteBindings.php(50): Illuminate\Pipeline\Pipeline->Illuminate\Pipeline\{closure}()
#16 /home/soyjakai/public_html/vendor/laravel/framework/src/Illuminate/Pipeline/Pipeline.php(183): Illuminate\Routing\Middleware\SubstituteBindings->handle()
#17 /home/soyjakai/public_html/vendor/laravel/framework/src/Illuminate/Foundation/Http/Middleware/VerifyCsrfToken.php(78): Illuminate\Pipeline\Pipeline->Illuminate\Pipeline\{closure}()
#18 /home/soyjakai/public_html/vendor/laravel/framework/src/Illuminate/Pipeline/Pipeline.php(183): Illuminate\Foundation\Http\Middleware\VerifyCsrfToken->handle()
#19 /home/soyjakai/public_html/vendor/laravel/framework/src/Illuminate/View/Middleware/ShareErrorsFromSession.php(49): Illuminate\Pipeline\Pipeline->Illuminate\Pipeline\{closure}()
#20 /home/soyjakai/public_html/vendor/laravel/framework/src/Illuminate/Pipeline/Pipeline.php(183): Illuminate\View\Middleware\ShareErrorsFromSession->handle()
#21 /home/soyjakai/public_html/vendor/laravel/framework/src/Illuminate/Session/Middleware/StartSession.php(121): Illuminate\Pipeline\Pipeline->Illuminate\Pipeline\{closure}()
#22 /home/soyjakai/public_html/vendor/laravel/framework/src/Illuminate/Session/Middleware/StartSession.php(64): Illuminate\Session\Middleware\StartSession->handleStatefulRequest()
#23 /home/soyjakai/public_html/vendor/laravel/framework/src/Illuminate/Pipeline/Pipeline.php(183): Illuminate\Session\Middleware\StartSession->handle()
#24 /home/soyjakai/public_html/vendor/laravel/framework/src/Illuminate/Cookie/Middleware/AddQueuedCookiesToResponse.php(37): Illuminate\Pipeline\Pipeline->Illuminate\Pipeline\{closure}()
#25 /home/soyjakai/public_html/vendor/laravel/framework/src/Illuminate/Pipeline/Pipeline.php(183): Illuminate\Cookie\Middleware\AddQueuedCookiesToResponse->handle()
#26 /home/soyjakai/public_html/vendor/laravel/framework/src/Illuminate/Cookie/Middleware/EncryptCookies.php(67): Illuminate\Pipeline\Pipeline->Illuminate\Pipeline\{closure}()
#27 /home/soyjakai/public_html/vendor/laravel/framework/src/Illuminate/Pipeline/Pipeline.php(183): Illuminate\Cookie\Middleware\EncryptCookies->handle()
#28 /home/soyjakai/public_html/vendor/laravel/framework/src/Illuminate/Pipeline/Pipeline.php(119): Illuminate\Pipeline\Pipeline->Illuminate\Pipeline\{closure}()
#29 /home/soyjakai/public_html/vendor/laravel/framework/src/Illuminate/Routing/Router.php(805): Illuminate\Pipeline\Pipeline->then()
#30 /home/soyjakai/public_html/vendor/laravel/framework/src/Illuminate/Routing/Router.php(784): Illuminate\Routing\Router->runRouteWithinStack()
#31 /home/soyjakai/public_html/vendor/laravel/framework/src/Illuminate/Routing/Router.php(748): Illuminate\Routing\Router->runRoute()
#32 /home/soyjakai/public_html/vendor/laravel/framework/src/Illuminate/Routing/Router.php(737): Illuminate\Routing\Router->dispatchToRoute()
#33 /home/soyjakai/public_html/vendor/laravel/framework/src/Illuminate/Foundation/Http/Kernel.php(200): Illuminate\Routing\Router->dispatch()
#34 /home/soyjakai/public_html/vendor/laravel/framework/src/Illuminate/Pipeline/Pipeline.php(144): Illuminate\Foundation\Http\Kernel->Illuminate\Foundation\Http\{closure}()
#35 /home/soyjakai/public_html/vendor/barryvdh/laravel-debugbar/src/Middleware/InjectDebugbar.php(59): Illuminate\Pipeline\Pipeline->Illuminate\Pipeline\{closure}()
#36 /home/soyjakai/public_html/vendor/laravel/framework/src/Illuminate/Pipeline/Pipeline.php(183): Barryvdh\Debugbar\Middleware\InjectDebugbar->handle()
#37 /home/soyjakai/public_html/vendor/laravel/framework/src/Illuminate/Foundation/Http/Middleware/TransformsRequest.php(21): Illuminate\Pipeline\Pipeline->Illuminate\Pipeline\{closure}()
#38 /home/soyjakai/public_html/vendor/laravel/framework/src/Illuminate/Foundation/Http/Middleware/ConvertEmptyStringsToNull.php(31): Illuminate\Foundation\Http\Middleware\TransformsRequest->handle()
#39 /home/soyjakai/public_html/vendor/laravel/framework/src/Illuminate/Pipeline/Pipeline.php(183): Illuminate\Foundation\Http\Middleware\ConvertEmptyStringsToNull->handle()
#40 /home/soyjakai/public_html/vendor/laravel/framework/src/Illuminate/Foundation/Http/Middleware/TransformsRequest.php(21): Illuminate\Pipeline\Pipeline->Illuminate\Pipeline\{closure}()
#41 /home/soyjakai/public_html/vendor/laravel/framework/src/Illuminate/Foundation/Http/Middleware/TrimStrings.php(40): Illuminate\Foundation\Http\Middleware\TransformsRequest->handle()
#42 /home/soyjakai/public_html/vendor/laravel/framework/src/Illuminate/Pipeline/Pipeline.php(183): Illuminate\Foundation\Http\Middleware\TrimStrings->handle()
#43 /home/soyjakai/public_html/vendor/laravel/framework/src/Illuminate/Foundation/Http/Middleware/ValidatePostSize.php(27): Illuminate\Pipeline\Pipeline->Illuminate\Pipeline\{closure}()
#44 /home/soyjakai/public_html/vendor/laravel/framework/src/Illuminate/Pipeline/Pipeline.php(183): Illuminate\Foundation\Http\Middleware\ValidatePostSize->handle()
#45 /home/soyjakai/public_html/vendor/laravel/framework/src/Illuminate/Foundation/Http/Middleware/PreventRequestsDuringMaintenance.php(99): Illuminate\Pipeline\Pipeline->Illuminate\Pipeline\{closure}()
#46 /home/soyjakai/public_html/vendor/laravel/framework/src/Illuminate/Pipeline/Pipeline.php(183): Illuminate\Foundation\Http\Middleware\PreventRequestsDuringMaintenance->handle()
#47 /home/soyjakai/public_html/vendor/laravel/framework/src/Illuminate/Http/Middleware/HandleCors.php(49): Illuminate\Pipeline\Pipeline->Illuminate\Pipeline\{closure}()
#48 /home/soyjakai/public_html/vendor/laravel/framework/src/Illuminate/Pipeline/Pipeline.php(183): Illuminate\Http\Middleware\HandleCors->handle()
#49 /home/soyjakai/public_html/vendor/laravel/framework/src/Illuminate/Http/Middleware/TrustProxies.php(39): Illuminate\Pipeline\Pipeline->Illuminate\Pipeline\{closure}()
#50 /home/soyjakai/public_html/vendor/laravel/framework/src/Illuminate/Pipeline/Pipeline.php(183): Illuminate\Http\Middleware\TrustProxies->handle()
#51 /home/soyjakai/public_html/vendor/laravel/framework/src/Illuminate/Pipeline/Pipeline.php(119): Illuminate\Pipeline\Pipeline->Illuminate\Pipeline\{closure}()
#52 /home/soyjakai/public_html/vendor/laravel/framework/src/Illuminate/Foundation/Http/Kernel.php(175): Illuminate\Pipeline\Pipeline->then()
#53 /home/soyjakai/public_html/vendor/laravel/framework/src/Illuminate/Foundation/Http/Kernel.php(144): Illuminate\Foundation\Http\Kernel->sendRequestThroughRouter()
#54 /home/soyjakai/public_html/public/index.php(52): Illuminate\Foundation\Http\Kernel->handle()
#55 {main}
[29-Oct-2024 19:56:04 UTC] PHP Warning:  include(/home/soyjakai/public_html/vendor/composer/../google/apiclient/src/AccessToken/Revoke.php): Failed to open stream: No such file or directory in /home/soyjakai/public_html/vendor/composer/ClassLoader.php on line 576
[29-Oct-2024 19:56:04 UTC] PHP Warning:  include(): Failed opening '/home/soyjakai/public_html/vendor/composer/../google/apiclient/src/AccessToken/Revoke.php' for inclusion (include_path='.:/opt/alt/php83/usr/share/pear:/opt/alt/php83/usr/share/php:/usr/share/pear:/usr/share/php') in /home/soyjakai/public_html/vendor/composer/ClassLoader.php on line 576
[29-Oct-2024 19:56:04 UTC] PHP Warning:  Class "Google\AccessToken\Revoke" not found in /home/soyjakai/public_html/vendor/google/apiclient/src/aliases.php on line 32
[29-Oct-2024 19:56:04 UTC] PHP Warning:  include(/home/soyjakai/public_html/vendor/composer/../google/apiclient/src/AccessToken/Verify.php): Failed to open stream: No such file or directory in /home/soyjakai/public_html/vendor/composer/ClassLoader.php on line 576
[29-Oct-2024 19:56:04 UTC] PHP Warning:  include(): Failed opening '/home/soyjakai/public_html/vendor/composer/../google/apiclient/src/AccessToken/Verify.php' for inclusion (include_path='.:/opt/alt/php83/usr/share/pear:/opt/alt/php83/usr/share/php:/usr/share/pear:/usr/share/php') in /home/soyjakai/public_html/vendor/composer/ClassLoader.php on line 576
[29-Oct-2024 19:56:04 UTC] PHP Warning:  Class "Google\AccessToken\Verify" not found in /home/soyjakai/public_html/vendor/google/apiclient/src/aliases.php on line 32
[29-Oct-2024 19:56:04 UTC] PHP Warning:  include(/home/soyjakai/public_html/vendor/composer/../google/apiclient/src/Utils/UriTemplate.php): Failed to open stream: No such file or directory in /home/soyjakai/public_html/vendor/composer/ClassLoader.php on line 576
[29-Oct-2024 19:56:04 UTC] PHP Warning:  include(): Failed opening '/home/soyjakai/public_html/vendor/composer/../google/apiclient/src/Utils/UriTemplate.php' for inclusion (include_path='.:/opt/alt/php83/usr/share/pear:/opt/alt/php83/usr/share/php:/usr/share/pear:/usr/share/php') in /home/soyjakai/public_html/vendor/composer/ClassLoader.php on line 576
[29-Oct-2024 19:56:04 UTC] PHP Warning:  Class "Google\Utils\UriTemplate" not found in /home/soyjakai/public_html/vendor/google/apiclient/src/aliases.php on line 32
[29-Oct-2024 19:56:04 UTC] PHP Warning:  include(/home/soyjakai/public_html/vendor/composer/../google/apiclient/src/AuthHandler/Guzzle6AuthHandler.php): Failed to open stream: No such file or directory in /home/soyjakai/public_html/vendor/composer/ClassLoader.php on line 576
[29-Oct-2024 19:56:04 UTC] PHP Warning:  include(): Failed opening '/home/soyjakai/public_html/vendor/composer/../google/apiclient/src/AuthHandler/Guzzle6AuthHandler.php' for inclusion (include_path='.:/opt/alt/php83/usr/share/pear:/opt/alt/php83/usr/share/php:/usr/share/pear:/usr/share/php') in /home/soyjakai/public_html/vendor/composer/ClassLoader.php on line 576
[29-Oct-2024 19:56:04 UTC] PHP Warning:  Class "Google\AuthHandler\Guzzle6AuthHandler" not found in /home/soyjakai/public_html/vendor/google/apiclient/src/aliases.php on line 32
[29-Oct-2024 19:56:04 UTC] PHP Warning:  include(/home/soyjakai/public_html/vendor/composer/../google/apiclient/src/AuthHandler/Guzzle7AuthHandler.php): Failed to open stream: No such file or directory in /home/soyjakai/public_html/vendor/composer/ClassLoader.php on line 576
[29-Oct-2024 19:56:04 UTC] PHP Warning:  include(): Failed opening '/home/soyjakai/public_html/vendor/composer/../google/apiclient/src/AuthHandler/Guzzle7AuthHandler.php' for inclusion (include_path='.:/opt/alt/php83/usr/share/pear:/opt/alt/php83/usr/share/php:/usr/share/pear:/usr/share/php') in /home/soyjakai/public_html/vendor/composer/ClassLoader.php on line 576
[29-Oct-2024 19:56:04 UTC] PHP Warning:  Class "Google\AuthHandler\Guzzle7AuthHandler" not found in /home/soyjakai/public_html/vendor/google/apiclient/src/aliases.php on line 32
[29-Oct-2024 19:56:04 UTC] PHP Warning:  include(/home/soyjakai/public_html/vendor/composer/../google/apiclient/src/AuthHandler/AuthHandlerFactory.php): Failed to open stream: No such file or directory in /home/soyjakai/public_html/vendor/composer/ClassLoader.php on line 576
[29-Oct-2024 19:56:04 UTC] PHP Warning:  include(): Failed opening '/home/soyjakai/public_html/vendor/composer/../google/apiclient/src/AuthHandler/AuthHandlerFactory.php' for inclusion (include_path='.:/opt/alt/php83/usr/share/pear:/opt/alt/php83/usr/share/php:/usr/share/pear:/usr/share/php') in /home/soyjakai/public_html/vendor/composer/ClassLoader.php on line 576
[29-Oct-2024 19:56:04 UTC] PHP Warning:  Class "Google\AuthHandler\AuthHandlerFactory" not found in /home/soyjakai/public_html/vendor/google/apiclient/src/aliases.php on line 32
[29-Oct-2024 19:56:04 UTC] PHP Warning:  include(/home/soyjakai/public_html/vendor/composer/../google/apiclient/src/Http/Batch.php): Failed to open stream: No such file or directory in /home/soyjakai/public_html/vendor/composer/ClassLoader.php on line 576
[29-Oct-2024 19:56:04 UTC] PHP Warning:  include(): Failed opening '/home/soyjakai/public_html/vendor/composer/../google/apiclient/src/Http/Batch.php' for inclusion (include_path='.:/opt/alt/php83/usr/share/pear:/opt/alt/php83/usr/share/php:/usr/share/pear:/usr/share/php') in /home/soyjakai/public_html/vendor/composer/ClassLoader.php on line 576
[29-Oct-2024 19:56:04 UTC] PHP Warning:  Class "Google\Http\Batch" not found in /home/soyjakai/public_html/vendor/google/apiclient/src/aliases.php on line 32
[29-Oct-2024 19:56:04 UTC] PHP Warning:  include(/home/soyjakai/public_html/vendor/composer/../google/apiclient/src/Http/MediaFileUpload.php): Failed to open stream: No such file or directory in /home/soyjakai/public_html/vendor/composer/ClassLoader.php on line 576
[29-Oct-2024 19:56:04 UTC] PHP Warning:  include(): Failed opening '/home/soyjakai/public_html/vendor/composer/../google/apiclient/src/Http/MediaFileUpload.php' for inclusion (include_path='.:/opt/alt/php83/usr/share/pear:/opt/alt/php83/usr/share/php:/usr/share/pear:/usr/share/php') in /home/soyjakai/public_html/vendor/composer/ClassLoader.php on line 576
[29-Oct-2024 19:56:04 UTC] PHP Warning:  Class "Google\Http\MediaFileUpload" not found in /home/soyjakai/public_html/vendor/google/apiclient/src/aliases.php on line 32
[29-Oct-2024 19:56:04 UTC] PHP Warning:  include(/home/soyjakai/public_html/vendor/composer/../google/apiclient/src/Http/REST.php): Failed to open stream: No such file or directory in /home/soyjakai/public_html/vendor/composer/ClassLoader.php on line 576
[29-Oct-2024 19:56:04 UTC] PHP Warning:  include(): Failed opening '/home/soyjakai/public_html/vendor/composer/../google/apiclient/src/Http/REST.php' for inclusion (include_path='.:/opt/alt/php83/usr/share/pear:/opt/alt/php83/usr/share/php:/usr/share/pear:/usr/share/php') in /home/soyjakai/public_html/vendor/composer/ClassLoader.php on line 576
[29-Oct-2024 19:56:04 UTC] PHP Warning:  Class "Google\Http\REST" not found in /home/soyjakai/public_html/vendor/google/apiclient/src/aliases.php on line 32
[29-Oct-2024 19:56:04 UTC] PHP Warning:  include(/home/soyjakai/public_html/vendor/composer/../google/apiclient/src/Task/Retryable.php): Failed to open stream: No such file or directory in /home/soyjakai/public_html/vendor/composer/ClassLoader.php on line 576
[29-Oct-2024 19:56:04 UTC] PHP Warning:  include(): Failed opening '/home/soyjakai/public_html/vendor/composer/../google/apiclient/src/Task/Retryable.php' for inclusion (include_path='.:/opt/alt/php83/usr/share/pear:/opt/alt/php83/usr/share/php:/usr/share/pear:/usr/share/php') in /home/soyjakai/public_html/vendor/composer/ClassLoader.php on line 576
[29-Oct-2024 19:56:04 UTC] PHP Warning:  Class "Google\Task\Retryable" not found in /home/soyjakai/public_html/vendor/google/apiclient/src/aliases.php on line 32
[29-Oct-2024 19:56:04 UTC] PHP Warning:  include(/home/soyjakai/public_html/vendor/composer/../google/apiclient/src/Task/Exception.php): Failed to open stream: No such file or directory in /home/soyjakai/public_html/vendor/composer/ClassLoader.php on line 576
[29-Oct-2024 19:56:04 UTC] PHP Warning:  include(): Failed opening '/home/soyjakai/public_html/vendor/composer/../google/apiclient/src/Task/Exception.php' for inclusion (include_path='.:/opt/alt/php83/usr/share/pear:/opt/alt/php83/usr/share/php:/usr/share/pear:/usr/share/php') in /home/soyjakai/public_html/vendor/composer/ClassLoader.php on line 576
[29-Oct-2024 19:56:04 UTC] PHP Warning:  Class "Google\Task\Exception" not found in /home/soyjakai/public_html/vendor/google/apiclient/src/aliases.php on line 32
[29-Oct-2024 19:56:04 UTC] PHP Warning:  include(/home/soyjakai/public_html/vendor/composer/../google/apiclient/src/Task/Runner.php): Failed to open stream: No such file or directory in /home/soyjakai/public_html/vendor/composer/ClassLoader.php on line 576
[29-Oct-2024 19:56:04 UTC] PHP Warning:  include(): Failed opening '/home/soyjakai/public_html/vendor/composer/../google/apiclient/src/Task/Runner.php' for inclusion (include_path='.:/opt/alt/php83/usr/share/pear:/opt/alt/php83/usr/share/php:/usr/share/pear:/usr/share/php') in /home/soyjakai/public_html/vendor/composer/ClassLoader.php on line 576
[29-Oct-2024 19:56:04 UTC] PHP Warning:  Class "Google\Task\Runner" not found in /home/soyjakai/public_html/vendor/google/apiclient/src/aliases.php on line 32
[29-Oct-2024 19:56:04 UTC] PHP Warning:  include(/home/soyjakai/public_html/vendor/composer/../google/apiclient/src/Service/Exception.php): Failed to open stream: No such file or directory in /home/soyjakai/public_html/vendor/composer/ClassLoader.php on line 576
[29-Oct-2024 19:56:04 UTC] PHP Warning:  include(): Failed opening '/home/soyjakai/public_html/vendor/composer/../google/apiclient/src/Service/Exception.php' for inclusion (include_path='.:/opt/alt/php83/usr/share/pear:/opt/alt/php83/usr/share/php:/usr/share/pear:/usr/share/php') in /home/soyjakai/public_html/vendor/composer/ClassLoader.php on line 576
[29-Oct-2024 19:56:04 UTC] PHP Warning:  Class "Google\Service\Exception" not found in /home/soyjakai/public_html/vendor/google/apiclient/src/aliases.php on line 32
[29-Oct-2024 19:56:04 UTC] PHP Warning:  include(/home/soyjakai/public_html/vendor/composer/../google/apiclient/src/Service/Resource.php): Failed to open stream: No such file or directory in /home/soyjakai/public_html/vendor/composer/ClassLoader.php on line 576
[29-Oct-2024 19:56:04 UTC] PHP Warning:  include(): Failed opening '/home/soyjakai/public_html/vendor/composer/../google/apiclient/src/Service/Resource.php' for inclusion (include_path='.:/opt/alt/php83/usr/share/pear:/opt/alt/php83/usr/share/php:/usr/share/pear:/usr/share/php') in /home/soyjakai/public_html/vendor/composer/ClassLoader.php on line 576
[29-Oct-2024 19:56:04 UTC] PHP Warning:  Class "Google\Service\Resource" not found in /home/soyjakai/public_html/vendor/google/apiclient/src/aliases.php on line 32
[29-Oct-2024 19:56:04 UTC] PHP Warning:  include(/home/soyjakai/public_html/vendor/composer/../google/apiclient/src/Task/Composer.php): Failed to open stream: No such file or directory in /home/soyjakai/public_html/vendor/composer/ClassLoader.php on line 576
[29-Oct-2024 19:56:04 UTC] PHP Warning:  include(): Failed opening '/home/soyjakai/public_html/vendor/composer/../google/apiclient/src/Task/Composer.php' for inclusion (include_path='.:/opt/alt/php83/usr/share/pear:/opt/alt/php83/usr/share/php:/usr/share/pear:/usr/share/php') in /home/soyjakai/public_html/vendor/composer/ClassLoader.php on line 576
[29-Oct-2024 19:56:04 UTC] PHP Fatal error:  Uncaught Error: Class "Google\Task\Composer" not found in /home/soyjakai/public_html/vendor/google/apiclient/src/aliases.php:39
Stack trace:
#0 /home/soyjakai/public_html/vendor/composer/autoload_real.php(39): require()
#1 /home/soyjakai/public_html/vendor/composer/autoload_real.php(43): {closure}()
#2 /home/soyjakai/public_html/vendor/autoload.php(25): ComposerAutoloaderInit8f5d95ee04af6a12feb7d69b72e948ce::getLoader()
#3 /home/soyjakai/public_html/public/index.php(35): require('/home/soyjakai/...')
#4 {main}
  thrown in /home/soyjakai/public_html/vendor/google/apiclient/src/aliases.php on line 39
[30-Oct-2024 08:36:25 UTC] 1
[30-Oct-2024 08:36:25 UTC] You exceeded your current quota, please check your plan and billing details. For more information on this error, read the docs: https://platform.openai.com/docs/guides/error-codes/api-errors.
[11-Nov-2024 16:01:12 UTC] 1
[11-Nov-2024 16:01:12 UTC] You exceeded your current quota, please check your plan and billing details. For more information on this error, read the docs: https://platform.openai.com/docs/guides/error-codes/api-errors.
